[0.007s] Invoking command in '/home/ndirangu/recap_ws/src/recap_robot/build/recap_robot': CMAKE_PREFIX_PATH=${CMAKE_PREFIX_PATH}:/opt/ros/humble DEBUGINFOD_URLS=https://debuginfod.ubuntu.com /usr/bin/cmake /home/ndirangu/recap_ws/src/recap_robot -DAMENT_CMAKE_SYMLINK_INSTALL=1 -DCMAKE_INSTALL_PREFIX=/home/ndirangu/recap_ws/src/recap_robot/install/recap_robot
[0.062s] -- The C compiler identification is GNU 11.4.0
[0.103s] -- The CXX compiler identification is GNU 11.4.0
[0.110s] -- Detecting C compiler ABI info
[0.161s] -- Detecting C compiler ABI info - done
[0.166s] -- Check for working C compiler: /usr/bin/cc - skipped
[0.167s] -- Detecting C compile features
[0.167s] -- Detecting C compile features - done
[0.170s] -- Detecting CXX compiler ABI info
[0.228s] -- Detecting CXX compiler ABI info - done
[0.233s] -- Check for working CXX compiler: /usr/bin/c++ - skipped
[0.233s] -- Detecting CXX compile features
[0.234s] -- Detecting CXX compile features - done
[0.240s] -- Found ament_cmake: 1.3.13 (/opt/ros/humble/share/ament_cmake/cmake)
[0.343s] -- Found Python3: /usr/bin/python3 (found version "3.10.12") found components: Interpreter 
[0.387s] -- Override CMake install command with custom implementation using symlinks instead of copying resources
[0.413s] -- Found ament_lint_auto: 0.12.15 (/opt/ros/humble/share/ament_lint_auto/cmake)
[0.471s] -- Added test 'copyright' to check source files copyright and LICENSE
[0.475s] -- Added test 'cppcheck' to perform static code analysis on C / C++ code
[0.475s] -- Configured cppcheck include dirs: 
[0.475s] -- Configured cppcheck exclude dirs and/or files: 
[0.480s] -- Added test 'cpplint' to check C / C++ code against the Google style
[0.480s] -- Configured cpplint exclude dirs and/or files: 
[0.481s] -- Added test 'flake8' to check Python code syntax and style conventions
[0.482s] -- Added test 'lint_cmake' to check CMake code style
[0.483s] -- Added test 'pep257' to check Python code against some of the docstring style conventions in PEP 257
[0.487s] -- Added test 'uncrustify' to check C / C++ code style
[0.487s] -- Configured uncrustify additional arguments: 
[0.488s] -- Added test 'xmllint' to check XML markup files
[0.489s] -- Configuring done
[0.491s] -- Generating done
[0.492s] -- Build files have been written to: /home/ndirangu/recap_ws/src/recap_robot/build/recap_robot
[0.496s] Invoked command in '/home/ndirangu/recap_ws/src/recap_robot/build/recap_robot' returned '0': CMAKE_PREFIX_PATH=${CMAKE_PREFIX_PATH}:/opt/ros/humble DEBUGINFOD_URLS=https://debuginfod.ubuntu.com /usr/bin/cmake /home/ndirangu/recap_ws/src/recap_robot -DAMENT_CMAKE_SYMLINK_INSTALL=1 -DCMAKE_INSTALL_PREFIX=/home/ndirangu/recap_ws/src/recap_robot/install/recap_robot
[0.497s] Invoking command in '/home/ndirangu/recap_ws/src/recap_robot/build/recap_robot': CMAKE_PREFIX_PATH=${CMAKE_PREFIX_PATH}:/opt/ros/humble DEBUGINFOD_URLS=https://debuginfod.ubuntu.com /usr/bin/cmake --build /home/ndirangu/recap_ws/src/recap_robot/build/recap_robot -- -j8 -l8
[0.525s] Invoked command in '/home/ndirangu/recap_ws/src/recap_robot/build/recap_robot' returned '0': CMAKE_PREFIX_PATH=${CMAKE_PREFIX_PATH}:/opt/ros/humble DEBUGINFOD_URLS=https://debuginfod.ubuntu.com /usr/bin/cmake --build /home/ndirangu/recap_ws/src/recap_robot/build/recap_robot -- -j8 -l8
[0.532s] Invoking command in '/home/ndirangu/recap_ws/src/recap_robot/build/recap_robot': CMAKE_PREFIX_PATH=${CMAKE_PREFIX_PATH}:/opt/ros/humble DEBUGINFOD_URLS=https://debuginfod.ubuntu.com /usr/bin/cmake --install /home/ndirangu/recap_ws/src/recap_robot/build/recap_robot
[0.538s] -- Install configuration: ""
[0.538s] -- Execute custom install script
[0.538s] -- Symlinking: /home/ndirangu/recap_ws/src/recap_robot/install/recap_robot/share/recap_robot/config/empty.yaml
[0.544s] -- Symlinking: /home/ndirangu/recap_ws/src/recap_robot/install/recap_robot/share/recap_robot/config/view_bot.rviz
[0.550s] -- Symlinking: /home/ndirangu/recap_ws/src/recap_robot/install/recap_robot/share/recap_robot/description/inertial_macros.xacro
[0.555s] -- Symlinking: /home/ndirangu/recap_ws/src/recap_robot/install/recap_robot/share/recap_robot/description/robot.urdf.xacro
[0.561s] -- Symlinking: /home/ndirangu/recap_ws/src/recap_robot/install/recap_robot/share/recap_robot/description/robot_core.xacro
[0.567s] -- Symlinking: /home/ndirangu/recap_ws/src/recap_robot/install/recap_robot/share/recap_robot/launch/rsp.launch.py
[0.572s] -- Symlinking: /home/ndirangu/recap_ws/src/recap_robot/install/recap_robot/share/recap_robot/worlds/empty.world
[0.577s] -- Symlinking: /home/ndirangu/recap_ws/src/recap_robot/install/recap_robot/share/ament_index/resource_index/package_run_dependencies/recap_robot
[0.583s] -- Symlinking: /home/ndirangu/recap_ws/src/recap_robot/install/recap_robot/share/ament_index/resource_index/parent_prefix_path/recap_robot
[0.588s] -- Symlinking: /home/ndirangu/recap_ws/src/recap_robot/install/recap_robot/share/recap_robot/environment/ament_prefix_path.sh
[0.593s] -- Symlinking: /home/ndirangu/recap_ws/src/recap_robot/install/recap_robot/share/recap_robot/environment/ament_prefix_path.dsv
[0.598s] -- Symlinking: /home/ndirangu/recap_ws/src/recap_robot/install/recap_robot/share/recap_robot/environment/path.sh
[0.605s] -- Symlinking: /home/ndirangu/recap_ws/src/recap_robot/install/recap_robot/share/recap_robot/environment/path.dsv
[0.611s] -- Symlinking: /home/ndirangu/recap_ws/src/recap_robot/install/recap_robot/share/recap_robot/local_setup.bash
[0.618s] -- Symlinking: /home/ndirangu/recap_ws/src/recap_robot/install/recap_robot/share/recap_robot/local_setup.sh
[0.624s] -- Symlinking: /home/ndirangu/recap_ws/src/recap_robot/install/recap_robot/share/recap_robot/local_setup.zsh
[0.629s] -- Symlinking: /home/ndirangu/recap_ws/src/recap_robot/install/recap_robot/share/recap_robot/local_setup.dsv
[0.636s] -- Symlinking: /home/ndirangu/recap_ws/src/recap_robot/install/recap_robot/share/recap_robot/package.dsv
[0.641s] -- Symlinking: /home/ndirangu/recap_ws/src/recap_robot/install/recap_robot/share/ament_index/resource_index/packages/recap_robot
[0.646s] -- Symlinking: /home/ndirangu/recap_ws/src/recap_robot/install/recap_robot/share/recap_robot/cmake/recap_robotConfig.cmake
[0.652s] -- Symlinking: /home/ndirangu/recap_ws/src/recap_robot/install/recap_robot/share/recap_robot/cmake/recap_robotConfig-version.cmake
[0.658s] -- Symlinking: /home/ndirangu/recap_ws/src/recap_robot/install/recap_robot/share/recap_robot/package.xml
[0.664s] Invoked command in '/home/ndirangu/recap_ws/src/recap_robot/build/recap_robot' returned '0': CMAKE_PREFIX_PATH=${CMAKE_PREFIX_PATH}:/opt/ros/humble DEBUGINFOD_URLS=https://debuginfod.ubuntu.com /usr/bin/cmake --install /home/ndirangu/recap_ws/src/recap_robot/build/recap_robot
