[0.082s] DEBUG:colcon:Command line arguments: ['/usr/bin/colcon', 'build', '--symlink-install']
[0.082s] DEBUG:colcon:Parsed command line arguments: Namespace(log_base=None, log_level=None, verb_name='build', build_base='build', install_base='install', merge_install=False, symlink_install=True, test_result_base=None, continue_on_error=False, executor='parallel', parallel_workers=8, event_handlers=None, ignore_user_meta=False, metas=['./colcon.meta'], base_paths=['.'], packages_ignore=None, packages_ignore_regex=None, paths=None, packages_up_to=None, packages_up_to_regex=None, packages_above=None, packages_above_and_dependencies=None, packages_above_depth=None, packages_select_by_dep=None, packages_skip_by_dep=None, packages_skip_up_to=None, packages_select_build_failed=False, packages_skip_build_finished=False, packages_select_test_failures=False, packages_skip_test_passed=False, packages_select=None, packages_skip=None, packages_select_regex=None, packages_skip_regex=None, packages_start=None, packages_end=None, allow_overriding=[], cmake_args=None, cmake_target=None, cmake_target_skip_unavailable=False, cmake_clean_cache=False, cmake_clean_first=False, cmake_force_configure=False, ament_cmake_args=None, catkin_cmake_args=None, catkin_skip_building_tests=False, mixin_files=None, mixin=None, verb_parser=<colcon_mixin.mixin.mixin_argument.MixinArgumentDecorator object at 0x715cacb75ea0>, verb_extension=<colcon_core.verb.build.BuildVerb object at 0x715cacb757e0>, main=<bound method BuildVerb.main of <colcon_core.verb.build.BuildVerb object at 0x715cacb757e0>>, mixin_verb=('build',))
[0.270s] Level 1:colcon.colcon_core.package_discovery:discover_packages(colcon_meta) check parameters
[0.270s] Level 1:colcon.colcon_core.package_discovery:discover_packages(recursive) check parameters
[0.270s] Level 1:colcon.colcon_core.package_discovery:discover_packages(ignore) check parameters
[0.270s] Level 1:colcon.colcon_core.package_discovery:discover_packages(path) check parameters
[0.270s] Level 1:colcon.colcon_core.package_discovery:discover_packages(colcon_meta) discover
[0.270s] Level 1:colcon.colcon_core.package_discovery:discover_packages(recursive) discover
[0.270s] INFO:colcon.colcon_core.package_discovery:Crawling recursively for packages in '/home/ndirangu/Documents/intro/pi-code/src/recap_robot'
[0.270s] Level 1:colcon.colcon_core.package_identification:_identify(.) by extensions ['ignore', 'ignore_ament_install']
[0.270s] Level 1:colcon.colcon_core.package_identification:_identify(.) by extension 'ignore'
[0.270s] Level 1:colcon.colcon_core.package_identification:_identify(.) by extension 'ignore_ament_install'
[0.270s] Level 1:colcon.colcon_core.package_identification:_identify(.) by extensions ['colcon_pkg']
[0.270s] Level 1:colcon.colcon_core.package_identification:_identify(.) by extension 'colcon_pkg'
[0.270s] Level 1:colcon.colcon_core.package_identification:_identify(.) by extensions ['colcon_meta']
[0.270s] Level 1:colcon.colcon_core.package_identification:_identify(.) by extension 'colcon_meta'
[0.271s] Level 1:colcon.colcon_core.package_identification:_identify(.) by extensions ['ros']
[0.271s] Level 1:colcon.colcon_core.package_identification:_identify(.) by extension 'ros'
[0.283s] DEBUG:colcon.colcon_core.package_identification:Package '.' with type 'ros.ament_cmake' and name 'recap_robot'
[0.283s] Level 1:colcon.colcon_core.package_discovery:discover_packages(recursive) using defaults
[0.283s] Level 1:colcon.colcon_core.package_discovery:discover_packages(ignore) discover
[0.283s] Level 1:colcon.colcon_core.package_discovery:discover_packages(ignore) using defaults
[0.283s] Level 1:colcon.colcon_core.package_discovery:discover_packages(path) discover
[0.283s] Level 1:colcon.colcon_core.package_discovery:discover_packages(path) using defaults
[0.310s] Level 1:colcon.colcon_core.package_discovery:discover_packages(prefix_path) check parameters
[0.310s] Level 1:colcon.colcon_core.package_discovery:discover_packages(prefix_path) discover
[0.311s] DEBUG:colcon.colcon_installed_package_information.package_discovery:Found 1 installed packages in /home/ndirangu/recap_ws/install
[0.311s] DEBUG:colcon.colcon_installed_package_information.package_discovery:Found 1 installed packages in /home/ndirangu/Documents/intro/pi-code/src/recap_robot/install
[0.313s] DEBUG:colcon.colcon_installed_package_information.package_discovery:Found 347 installed packages in /opt/ros/humble
[0.314s] Level 1:colcon.colcon_core.package_discovery:discover_packages(prefix_path) using defaults
[0.357s] Level 5:colcon.colcon_core.verb:set package 'recap_robot' build argument 'cmake_args' from command line to 'None'
[0.357s] Level 5:colcon.colcon_core.verb:set package 'recap_robot' build argument 'cmake_target' from command line to 'None'
[0.357s] Level 5:colcon.colcon_core.verb:set package 'recap_robot' build argument 'cmake_target_skip_unavailable' from command line to 'False'
[0.357s] Level 5:colcon.colcon_core.verb:set package 'recap_robot' build argument 'cmake_clean_cache' from command line to 'False'
[0.357s] Level 5:colcon.colcon_core.verb:set package 'recap_robot' build argument 'cmake_clean_first' from command line to 'False'
[0.357s] Level 5:colcon.colcon_core.verb:set package 'recap_robot' build argument 'cmake_force_configure' from command line to 'False'
[0.357s] Level 5:colcon.colcon_core.verb:set package 'recap_robot' build argument 'ament_cmake_args' from command line to 'None'
[0.357s] Level 5:colcon.colcon_core.verb:set package 'recap_robot' build argument 'catkin_cmake_args' from command line to 'None'
[0.357s] Level 5:colcon.colcon_core.verb:set package 'recap_robot' build argument 'catkin_skip_building_tests' from command line to 'False'
[0.357s] DEBUG:colcon.colcon_core.verb:Building package 'recap_robot' with the following arguments: {'ament_cmake_args': None, 'build_base': '/home/ndirangu/Documents/intro/pi-code/src/recap_robot/build/recap_robot', 'catkin_cmake_args': None, 'catkin_skip_building_tests': False, 'cmake_args': None, 'cmake_clean_cache': False, 'cmake_clean_first': False, 'cmake_force_configure': False, 'cmake_target': None, 'cmake_target_skip_unavailable': False, 'install_base': '/home/ndirangu/Documents/intro/pi-code/src/recap_robot/install/recap_robot', 'merge_install': False, 'path': '/home/ndirangu/Documents/intro/pi-code/src/recap_robot', 'symlink_install': True, 'test_result_base': None}
[0.357s] INFO:colcon.colcon_core.executor:Executing jobs using 'parallel' executor
[0.359s] DEBUG:colcon.colcon_parallel_executor.executor.parallel:run_until_complete
[0.359s] INFO:colcon.colcon_ros.task.ament_cmake.build:Building ROS package in '/home/ndirangu/Documents/intro/pi-code/src/recap_robot' with build type 'ament_cmake'
[0.359s] INFO:colcon.colcon_cmake.task.cmake.build:Building CMake package in '/home/ndirangu/Documents/intro/pi-code/src/recap_robot'
[0.361s] INFO:colcon.colcon_core.plugin_system:Skipping extension 'colcon_core.shell.bat': Not used on non-Windows systems
[0.362s] INFO:colcon.colcon_core.shell:Skip shell extension 'powershell' for command environment: Not usable outside of PowerShell
[0.362s] DEBUG:colcon.colcon_core.shell:Skip shell extension 'dsv' for command environment
[0.374s] DEBUG:colcon.colcon_core.event_handler.log_command:Invoking command in '/home/ndirangu/Documents/intro/pi-code/src/recap_robot/build/recap_robot': CMAKE_PREFIX_PATH=${CMAKE_PREFIX_PATH}:/opt/ros/humble DEBUGINFOD_URLS=https://debuginfod.ubuntu.com /usr/bin/cmake --build /home/ndirangu/Documents/intro/pi-code/src/recap_robot/build/recap_robot -- -j8 -l8
[0.414s] DEBUG:colcon.colcon_core.event_handler.log_command:Invoked command in '/home/ndirangu/Documents/intro/pi-code/src/recap_robot/build/recap_robot' returned '0': CMAKE_PREFIX_PATH=${CMAKE_PREFIX_PATH}:/opt/ros/humble DEBUGINFOD_URLS=https://debuginfod.ubuntu.com /usr/bin/cmake --build /home/ndirangu/Documents/intro/pi-code/src/recap_robot/build/recap_robot -- -j8 -l8
[0.424s] DEBUG:colcon.colcon_core.event_handler.log_command:Invoking command in '/home/ndirangu/Documents/intro/pi-code/src/recap_robot/build/recap_robot': CMAKE_PREFIX_PATH=${CMAKE_PREFIX_PATH}:/opt/ros/humble DEBUGINFOD_URLS=https://debuginfod.ubuntu.com /usr/bin/cmake --install /home/ndirangu/Documents/intro/pi-code/src/recap_robot/build/recap_robot
[0.444s] Level 1:colcon.colcon_core.environment:create_environment_scripts_only(recap_robot)
[0.445s] DEBUG:colcon.colcon_core.event_handler.log_command:Invoked command in '/home/ndirangu/Documents/intro/pi-code/src/recap_robot/build/recap_robot' returned '0': CMAKE_PREFIX_PATH=${CMAKE_PREFIX_PATH}:/opt/ros/humble DEBUGINFOD_URLS=https://debuginfod.ubuntu.com /usr/bin/cmake --install /home/ndirangu/Documents/intro/pi-code/src/recap_robot/build/recap_robot
[0.446s] Level 1:colcon.colcon_core.environment:checking '/home/ndirangu/Documents/intro/pi-code/src/recap_robot/install/recap_robot' for CMake module files
[0.446s] Level 1:colcon.colcon_core.environment:checking '/home/ndirangu/Documents/intro/pi-code/src/recap_robot/install/recap_robot' for CMake config files
[0.446s] Level 1:colcon.colcon_core.shell:create_environment_hook('recap_robot', 'cmake_prefix_path')
[0.447s] INFO:colcon.colcon_core.shell:Creating environment hook '/home/ndirangu/Documents/intro/pi-code/src/recap_robot/install/recap_robot/share/recap_robot/hook/cmake_prefix_path.ps1'
[0.447s] INFO:colcon.colcon_core.shell:Creating environment descriptor '/home/ndirangu/Documents/intro/pi-code/src/recap_robot/install/recap_robot/share/recap_robot/hook/cmake_prefix_path.dsv'
[0.447s] INFO:colcon.colcon_core.shell:Creating environment hook '/home/ndirangu/Documents/intro/pi-code/src/recap_robot/install/recap_robot/share/recap_robot/hook/cmake_prefix_path.sh'
[0.448s] Level 1:colcon.colcon_core.environment:checking '/home/ndirangu/Documents/intro/pi-code/src/recap_robot/install/recap_robot/bin'
[0.448s] Level 1:colcon.colcon_core.environment:checking '/home/ndirangu/Documents/intro/pi-code/src/recap_robot/install/recap_robot/lib/pkgconfig/recap_robot.pc'
[0.448s] Level 1:colcon.colcon_core.environment:checking '/home/ndirangu/Documents/intro/pi-code/src/recap_robot/install/recap_robot/lib/python3.10/site-packages'
[0.448s] Level 1:colcon.colcon_core.environment:checking '/home/ndirangu/Documents/intro/pi-code/src/recap_robot/install/recap_robot/bin'
[0.448s] INFO:colcon.colcon_core.shell:Creating package script '/home/ndirangu/Documents/intro/pi-code/src/recap_robot/install/recap_robot/share/recap_robot/package.ps1'
[0.449s] INFO:colcon.colcon_core.shell:Creating package descriptor '/home/ndirangu/Documents/intro/pi-code/src/recap_robot/install/recap_robot/share/recap_robot/package.dsv'
[0.450s] INFO:colcon.colcon_core.shell:Creating package script '/home/ndirangu/Documents/intro/pi-code/src/recap_robot/install/recap_robot/share/recap_robot/package.sh'
[0.450s] INFO:colcon.colcon_core.shell:Creating package script '/home/ndirangu/Documents/intro/pi-code/src/recap_robot/install/recap_robot/share/recap_robot/package.bash'
[0.450s] INFO:colcon.colcon_core.shell:Creating package script '/home/ndirangu/Documents/intro/pi-code/src/recap_robot/install/recap_robot/share/recap_robot/package.zsh'
[0.451s] Level 1:colcon.colcon_core.environment:create_file_with_runtime_dependencies(/home/ndirangu/Documents/intro/pi-code/src/recap_robot/install/recap_robot/share/colcon-core/packages/recap_robot)
[0.451s] Level 1:colcon.colcon_core.environment:create_environment_scripts_only(recap_robot)
[0.451s] Level 1:colcon.colcon_core.environment:checking '/home/ndirangu/Documents/intro/pi-code/src/recap_robot/install/recap_robot' for CMake module files
[0.452s] Level 1:colcon.colcon_core.environment:checking '/home/ndirangu/Documents/intro/pi-code/src/recap_robot/install/recap_robot' for CMake config files
[0.452s] Level 1:colcon.colcon_core.shell:create_environment_hook('recap_robot', 'cmake_prefix_path')
[0.452s] INFO:colcon.colcon_core.shell:Creating environment hook '/home/ndirangu/Documents/intro/pi-code/src/recap_robot/install/recap_robot/share/recap_robot/hook/cmake_prefix_path.ps1'
[0.452s] INFO:colcon.colcon_core.shell:Creating environment descriptor '/home/ndirangu/Documents/intro/pi-code/src/recap_robot/install/recap_robot/share/recap_robot/hook/cmake_prefix_path.dsv'
[0.452s] INFO:colcon.colcon_core.shell:Creating environment hook '/home/ndirangu/Documents/intro/pi-code/src/recap_robot/install/recap_robot/share/recap_robot/hook/cmake_prefix_path.sh'
[0.453s] Level 1:colcon.colcon_core.environment:checking '/home/ndirangu/Documents/intro/pi-code/src/recap_robot/install/recap_robot/bin'
[0.453s] Level 1:colcon.colcon_core.environment:checking '/home/ndirangu/Documents/intro/pi-code/src/recap_robot/install/recap_robot/lib/pkgconfig/recap_robot.pc'
[0.453s] Level 1:colcon.colcon_core.environment:checking '/home/ndirangu/Documents/intro/pi-code/src/recap_robot/install/recap_robot/lib/python3.10/site-packages'
[0.453s] Level 1:colcon.colcon_core.environment:checking '/home/ndirangu/Documents/intro/pi-code/src/recap_robot/install/recap_robot/bin'
[0.453s] INFO:colcon.colcon_core.shell:Creating package script '/home/ndirangu/Documents/intro/pi-code/src/recap_robot/install/recap_robot/share/recap_robot/package.ps1'
[0.454s] INFO:colcon.colcon_core.shell:Creating package descriptor '/home/ndirangu/Documents/intro/pi-code/src/recap_robot/install/recap_robot/share/recap_robot/package.dsv'
[0.454s] INFO:colcon.colcon_core.shell:Creating package script '/home/ndirangu/Documents/intro/pi-code/src/recap_robot/install/recap_robot/share/recap_robot/package.sh'
[0.454s] INFO:colcon.colcon_core.shell:Creating package script '/home/ndirangu/Documents/intro/pi-code/src/recap_robot/install/recap_robot/share/recap_robot/package.bash'
[0.454s] INFO:colcon.colcon_core.shell:Creating package script '/home/ndirangu/Documents/intro/pi-code/src/recap_robot/install/recap_robot/share/recap_robot/package.zsh'
[0.455s] Level 1:colcon.colcon_core.environment:create_file_with_runtime_dependencies(/home/ndirangu/Documents/intro/pi-code/src/recap_robot/install/recap_robot/share/colcon-core/packages/recap_robot)
[0.455s] DEBUG:colcon.colcon_parallel_executor.executor.parallel:closing loop
[0.455s] DEBUG:colcon.colcon_parallel_executor.executor.parallel:loop closed
[0.455s] DEBUG:colcon.colcon_parallel_executor.executor.parallel:run_until_complete finished with '0'
[0.455s] DEBUG:colcon.colcon_core.event_reactor:joining thread
[0.458s] INFO:colcon.colcon_core.plugin_system:Skipping extension 'colcon_notification.desktop_notification.terminal_notifier': Not used on non-Darwin systems
[0.458s] INFO:colcon.colcon_core.plugin_system:Skipping extension 'colcon_notification.desktop_notification.win32': Not used on non-Windows systems
[0.458s] INFO:colcon.colcon_notification.desktop_notification:Sending desktop notification using 'notify2'
[0.467s] DEBUG:colcon.colcon_core.event_reactor:joined thread
[0.467s] INFO:colcon.colcon_core.shell:Creating prefix script '/home/ndirangu/Documents/intro/pi-code/src/recap_robot/install/local_setup.ps1'
[0.469s] INFO:colcon.colcon_core.shell:Creating prefix util module '/home/ndirangu/Documents/intro/pi-code/src/recap_robot/install/_local_setup_util_ps1.py'
[0.470s] INFO:colcon.colcon_core.shell:Creating prefix chain script '/home/ndirangu/Documents/intro/pi-code/src/recap_robot/install/setup.ps1'
[0.471s] INFO:colcon.colcon_core.shell:Creating prefix script '/home/ndirangu/Documents/intro/pi-code/src/recap_robot/install/local_setup.sh'
[0.471s] INFO:colcon.colcon_core.shell:Creating prefix util module '/home/ndirangu/Documents/intro/pi-code/src/recap_robot/install/_local_setup_util_sh.py'
[0.472s] INFO:colcon.colcon_core.shell:Creating prefix chain script '/home/ndirangu/Documents/intro/pi-code/src/recap_robot/install/setup.sh'
[0.473s] INFO:colcon.colcon_core.shell:Creating prefix script '/home/ndirangu/Documents/intro/pi-code/src/recap_robot/install/local_setup.bash'
[0.473s] INFO:colcon.colcon_core.shell:Creating prefix chain script '/home/ndirangu/Documents/intro/pi-code/src/recap_robot/install/setup.bash'
[0.473s] INFO:colcon.colcon_core.shell:Creating prefix script '/home/ndirangu/Documents/intro/pi-code/src/recap_robot/install/local_setup.zsh'
[0.474s] INFO:colcon.colcon_core.shell:Creating prefix chain script '/home/ndirangu/Documents/intro/pi-code/src/recap_robot/install/setup.zsh'
